#
# A fatal error has been detected by the Java Runtime Environment:
#
#  EXCEPTION_ACCESS_VIOLATION (0xc0000005) at pc=0x00000000593c3dbc, pid=2660, tid=12528
#
# JRE version: Java(TM) SE Runtime Environment (8.0_77-b03) (build 1.8.0_77-b03)
# Java VM: Java HotSpot(TM) 64-Bit Server VM (25.77-b03 mixed mode windows-amd64 compressed oops)
# Problematic frame:
# V  [jvm.dll+0x213dbc]
#
# Failed to write core dump. Minidumps are not enabled by default on client versions of Windows
#
# If you would like to submit a bug report, please visit:
#   http://bugreport.java.com/bugreport/crash.jsp
#

---------------  T H R E A D  ---------------

Current thread (0x000000001e98c800):  JavaThread "Thread-38744" [_thread_in_vm, id=12528, stack(0x0000000026270000,0x0000000026370000)]

siginfo: ExceptionCode=0xc0000005, reading address 0xffffffffffffffff

Registers:
RAX=0x0000000084e99138, RBX=0x000000001e98c800, RCX=0x006b636f6c5f5253, RDX=0x006b636f6c5f5253
RSP=0x000000002636ecb8, RBP=0x000000001e98c9f8, RSI=0x00000000250b8410, RDI=0x006b636f6c5f5253
R8 =0x0000000000000001, R9 =0x0000000000000000, R10=0x0000000000000000, R11=0x0000000000000202
R12=0x000000002636eed8, R13=0x0000000000000000, R14=0x000000002636eee8, R15=0x000000001e98c800
RIP=0x00000000593c3dbc, EFLAGS=0x0000000000010206

Top of Stack: (sp=0x000000002636ecb8)
0x000000002636ecb8:   00000000592f11ce 000000001e98c800
0x000000002636ecc8:   00007ffa5188c8f4 0000000002010d35
0x000000002636ecd8:   0000000058ecc93b 000000001e98c800
0x000000002636ece8:   0000000000000000 000000002636eee8
0x000000002636ecf8:   000000001e67cbc0 000000001e67cbc0
0x000000002636ed08:   0000000058e776b0 000000001e98c9f8
0x000000002636ed18:   00000000250b8410 000000001e98c9f8
0x000000002636ed28:   0000000000a109c0 0000000017209150
0x000000002636ed38:   00000000250b8410 000000002636eee0
0x000000002636ed48:   0000000058eac03d 000000001e98c9f8
0x000000002636ed58:   000000002636eed8 000000002636ee01
0x000000002636ed68:   0000000000000000 0000000000000138
0x000000002636ed78:   0000000058e75210 00000000000001e0
0x000000002636ed88:   000000002636ee88 000000001e98c9f8
0x000000002636ed98:   0000000000000000 0000000044200000
0x000000002636eda8:   0000000000000000 408f400000000000 

Instructions: (pc=0x00000000593c3dbc)
0x00000000593c3d9c:   00 00 00 48 33 cc e8 99 9d 3b 00 48 81 c4 c8 00
0x00000000593c3dac:   00 00 c3 cc 48 85 c9 74 0a 48 8b 05 4c da 5e 00
0x00000000593c3dbc:   48 89 01 f3 c3 cc cc cc cc cc cc cc cc cc cc cc
0x00000000593c3dcc:   cc cc cc cc 4c 8b 49 38 4d 85 c9 74 34 4d 8b c1 


Register to memory mapping:

RAX=0x0000000084e99138 is an oop
java.lang.Object 
 - klass: 'java/lang/Object'
RBX=0x000000001e98c800 is a thread
RCX=0x006b636f6c5f5253 is an unknown value
RDX=0x006b636f6c5f5253 is an unknown value
RSP=0x000000002636ecb8 is pointing into the stack for thread: 0x000000001e98c800
RBP=0x000000001e98c9f8 is an unknown value
RSI=0x00000000250b8410 is an unknown value
RDI=0x006b636f6c5f5253 is an unknown value
R8 =0x0000000000000001 is an unknown value
R9 =0x0000000000000000 is an unknown value
R10=0x0000000000000000 is an unknown value
R11=0x0000000000000202 is an unknown value
R12=0x000000002636eed8 is pointing into the stack for thread: 0x000000001e98c800
R13=0x0000000000000000 is an unknown value
R14=0x000000002636eee8 is pointing into the stack for thread: 0x000000001e98c800
R15=0x000000001e98c800 is a thread


Stack: [0x0000000026270000,0x0000000026370000],  sp=0x000000002636ecb8,  free space=1019k
Native frames: (J=compiled Java code, j=interpreted, Vv=VM code, C=native code)
V  [jvm.dll+0x213dbc]

Java frames: (J=compiled Java code, j=interpreted, Vv=VM code)
j  sun.java2d.windows.GDIRenderer.doFillRect(Lsun/java2d/windows/GDIWindowSurfaceData;Lsun/java2d/pipe/Region;Ljava/awt/Composite;IIIII)V+0
j  sun.java2d.windows.GDIRenderer.fillRect(Lsun/java2d/SunGraphics2D;IIII)V+36
j  sun.java2d.pipe.ValidatePipe.fillRect(Lsun/java2d/SunGraphics2D;IIII)V+19
J 1625 C2 sun.java2d.SunGraphics2D.clearRect(IIII)V (49 bytes) @ 0x0000000002f43224 [0x0000000002f42660+0xbc4]
J 1628 C2 edu.ufl.digitalworlds.j4k.J4K1.onDepthFrameEventFromNative([S[F[F)V (23 bytes) @ 0x0000000002dc4d84 [0x0000000002dc43c0+0x9c4]
v  ~StubRoutines::call_stub

---------------  P R O C E S S  ---------------

Java Threads: ( => current thread )
=>0x000000001e98c800 JavaThread "Thread-38744" [_thread_in_vm, id=12528, stack(0x0000000026270000,0x0000000026370000)]
  0x000000001e98e800 JavaThread "TimerQueue" daemon [_thread_blocked, id=12804, stack(0x0000000026d00000,0x0000000026e00000)]
  0x000000001e989800 JavaThread "SwingWorker-pool-1-thread-1" daemon [_thread_blocked, id=3044, stack(0x0000000024750000,0x0000000024850000)]
  0x000000001e670000 JavaThread "D3D Screen Updater" daemon [_thread_blocked, id=11740, stack(0x000000001f480000,0x000000001f580000)]
  0x0000000002aa0800 JavaThread "DestroyJavaVM" [_thread_blocked, id=15184, stack(0x0000000002900000,0x0000000002a00000)]
  0x0000000019223000 JavaThread "AWT-EventQueue-0" [_thread_in_native, id=6888, stack(0x00000000199f0000,0x0000000019af0000)]
  0x00000000191c7800 JavaThread "AWT-Windows" daemon [_thread_in_native, id=14204, stack(0x0000000019770000,0x0000000019870000)]
  0x0000000019221000 JavaThread "AWT-Shutdown" [_thread_blocked, id=11736, stack(0x0000000019670000,0x0000000019770000)]
  0x0000000019220800 JavaThread "Java2D Disposer" daemon [_thread_blocked, id=4472, stack(0x0000000019570000,0x0000000019670000)]
  0x000000001754e000 JavaThread "Service Thread" daemon [_thread_blocked, id=10180, stack(0x0000000019260000,0x0000000019360000)]
  0x0000000017500000 JavaThread "C1 CompilerThread2" daemon [_thread_blocked, id=7108, stack(0x0000000018d60000,0x0000000018e60000)]
  0x00000000174f0000 JavaThread "C2 CompilerThread1" daemon [_thread_blocked, id=2616, stack(0x0000000018c60000,0x0000000018d60000)]
  0x00000000174ec000 JavaThread "C2 CompilerThread0" daemon [_thread_blocked, id=8904, stack(0x0000000018b60000,0x0000000018c60000)]
  0x00000000174ea800 JavaThread "Attach Listener" daemon [_thread_blocked, id=13524, stack(0x0000000018a60000,0x0000000018b60000)]
  0x00000000174e9000 JavaThread "Signal Dispatcher" daemon [_thread_blocked, id=14608, stack(0x0000000018960000,0x0000000018a60000)]
  0x00000000174da000 JavaThread "Finalizer" daemon [_thread_blocked, id=4364, stack(0x0000000018750000,0x0000000018850000)]
  0x0000000002b8f000 JavaThread "Reference Handler" daemon [_thread_blocked, id=9580, stack(0x0000000018650000,0x0000000018750000)]

Other Threads:
  0x00000000174b7000 VMThread [stack: 0x0000000018550000,0x0000000018650000] [id=4336]
  0x0000000018e9d000 WatcherThread [stack: 0x0000000019360000,0x0000000019460000] [id=8580]

VM state:not at safepoint (normal execution)

VM Mutex/Monitor currently owned by a thread: None

Heap:
 PSYoungGen      total 278528K, used 34773K [0x00000000d6f80000, 0x00000000ea600000, 0x0000000100000000)
  eden space 266752K, 8% used [0x00000000d6f80000,0x00000000d862b4d8,0x00000000e7400000)
  from space 11776K, 98% used [0x00000000e9a80000,0x00000000ea5ca070,0x00000000ea600000)
  to   space 19456K, 0% used [0x00000000e8000000,0x00000000e8000000,0x00000000e9300000)
 ParOldGen       total 60928K, used 12867K [0x0000000084e00000, 0x0000000088980000, 0x00000000d6f80000)
  object space 60928K, 21% used [0x0000000084e00000,0x0000000085a90c18,0x0000000088980000)
 Metaspace       used 10124K, capacity 10312K, committed 10496K, reserved 1058816K
  class space    used 1181K, capacity 1254K, committed 1280K, reserved 1048576K

Card table byte_map: [0x0000000011f60000,0x0000000012340000] byte_map_base: 0x0000000011b39000

Marking Bits: (ParMarkBitMap*) 0x00000000599c0600
 Begin Bits: [0x00000000129e0000, 0x00000000148a8000)
 End Bits:   [0x00000000148a8000, 0x0000000016770000)

Polling page: 0x00000000010c0000

CodeCache: size=245760Kb used=5302Kb max_used=5344Kb free=240457Kb
 bounds [0x0000000002ba0000, 0x0000000003110000, 0x0000000011ba0000]
 total_blobs=1883 nmethods=1413 adapters=382
 compilation: enabled

Compilation events (10 events):
Event: 349.293 Thread 0x00000000174ec000 1633 % !   4       sun.java2d.d3d.D3DScreenUpdateManager::run @ 0 (267 bytes)
Event: 349.315 Thread 0x00000000174ec000 nmethod 1633% 0x00000000031057d0 code [0x0000000003105a20, 0x0000000003107410]
Event: 387.733 Thread 0x00000000174f0000 1634 % !   4       sun.java2d.d3d.D3DScreenUpdateManager::run @ 105 (267 bytes)
Event: 387.756 Thread 0x00000000174f0000 nmethod 1634% 0x00000000030f3190 code [0x00000000030f33e0, 0x00000000030f4ef0]
Event: 654.950 Thread 0x00000000174ec000 1635       4       java.util.Arrays::binarySearch0 (95 bytes)
Event: 654.952 Thread 0x00000000174ec000 nmethod 1635 0x0000000002e20190 code [0x0000000002e202e0, 0x0000000002e20498]
Event: 655.020 Thread 0x0000000017500000 1636       3       sun.java2d.SunGraphics2D::constrain (11 bytes)
Event: 655.021 Thread 0x0000000017500000 nmethod 1636 0x0000000002d7d4d0 code [0x0000000002d7d640, 0x0000000002d7d848]
Event: 655.056 Thread 0x00000000174f0000 1637       4       sun.java2d.pipe.ValidatePipe::validate (6 bytes)
Event: 655.057 Thread 0x00000000174f0000 nmethod 1637 0x0000000002e1ea10 code [0x0000000002e1eb60, 0x0000000002e1ec88]

GC Heap History (10 events):
Event: 653.747 GC heap before
{Heap before GC invocations=2714 (full 28):
 PSYoungGen      total 223232K, used 218360K [0x00000000d6f80000, 0x00000000e8580000, 0x0000000100000000)
  eden space 203264K, 100% used [0x00000000d6f80000,0x00000000e3600000,0x00000000e3600000)
  from space 19968K, 75% used [0x00000000e3600000,0x00000000e44be080,0x00000000e4980000)
  to   space 20480K, 0% used [0x00000000e7180000,0x00000000e7180000,0x00000000e8580000)
 ParOldGen       total 60928K, used 12867K [0x0000000084e00000, 0x0000000088980000, 0x00000000d6f80000)
  object space 60928K, 21% used [0x0000000084e00000,0x0000000085a90c18,0x0000000088980000)
 Metaspace       used 10123K, capacity 10312K, committed 10496K, reserved 1058816K
  class space    used 1181K, capacity 1254K, committed 1280K, reserved 1048576K
Event: 653.749 GC heap after
Heap after GC invocations=2714 (full 28):
 PSYoungGen      total 263168K, used 9096K [0x00000000d6f80000, 0x00000000e8500000, 0x0000000100000000)
  eden space 243200K, 0% used [0x00000000d6f80000,0x00000000d6f80000,0x00000000e5d00000)
  from space 19968K, 45% used [0x00000000e7180000,0x00000000e7a62050,0x00000000e8500000)
  to   space 20480K, 0% used [0x00000000e5d00000,0x00000000e5d00000,0x00000000e7100000)
 ParOldGen       total 60928K, used 12867K [0x0000000084e00000, 0x0000000088980000, 0x00000000d6f80000)
  object space 60928K, 21% used [0x0000000084e00000,0x0000000085a90c18,0x0000000088980000)
 Metaspace       used 10123K, capacity 10312K, committed 10496K, reserved 1058816K
  class space    used 1181K, capacity 1254K, committed 1280K, reserved 1048576K
}
Event: 654.042 GC heap before
{Heap before GC invocations=2715 (full 28):
 PSYoungGen      total 263168K, used 252296K [0x00000000d6f80000, 0x00000000e8500000, 0x0000000100000000)
  eden space 243200K, 100% used [0x00000000d6f80000,0x00000000e5d00000,0x00000000e5d00000)
  from space 19968K, 45% used [0x00000000e7180000,0x00000000e7a62050,0x00000000e8500000)
  to   space 20480K, 0% used [0x00000000e5d00000,0x00000000e5d00000,0x00000000e7100000)
 ParOldGen       total 60928K, used 12867K [0x0000000084e00000, 0x0000000088980000, 0x00000000d6f80000)
  object space 60928K, 21% used [0x0000000084e00000,0x0000000085a90c18,0x0000000088980000)
 Metaspace       used 10123K, capacity 10312K, committed 10496K, reserved 1058816K
  class space    used 1181K, capacity 1254K, committed 1280K, reserved 1048576K
Event: 654.044 GC heap after
Heap after GC invocations=2715 (full 28):
 PSYoungGen      total 263680K, used 9696K [0x00000000d6f80000, 0x00000000eb280000, 0x0000000100000000)
  eden space 243200K, 0% used [0x00000000d6f80000,0x00000000d6f80000,0x00000000e5d00000)
  from space 20480K, 47% used [0x00000000e5d00000,0x00000000e6678060,0x00000000e7100000)
  to   space 19968K, 0% used [0x00000000e9f00000,0x00000000e9f00000,0x00000000eb280000)
 ParOldGen       total 60928K, used 12867K [0x0000000084e00000, 0x0000000088980000, 0x00000000d6f80000)
  object space 60928K, 21% used [0x0000000084e00000,0x0000000085a90c18,0x0000000088980000)
 Metaspace       used 10123K, capacity 10312K, committed 10496K, reserved 1058816K
  class space    used 1181K, capacity 1254K, committed 1280K, reserved 1048576K
}
Event: 654.339 GC heap before
{Heap before GC invocations=2716 (full 28):
 PSYoungGen      total 263680K, used 252896K [0x00000000d6f80000, 0x00000000eb280000, 0x0000000100000000)
  eden space 243200K, 100% used [0x00000000d6f80000,0x00000000e5d00000,0x00000000e5d00000)
  from space 20480K, 47% used [0x00000000e5d00000,0x00000000e6678060,0x00000000e7100000)
  to   space 19968K, 0% used [0x00000000e9f00000,0x00000000e9f00000,0x00000000eb280000)
 ParOldGen       total 60928K, used 12867K [0x0000000084e00000, 0x0000000088980000, 0x00000000d6f80000)
  object space 60928K, 21% used [0x0000000084e00000,0x0000000085a90c18,0x0000000088980000)
 Metaspace       used 10123K, capacity 10312K, committed 10496K, reserved 1058816K
  class space    used 1181K, capacity 1254K, committed 1280K, reserved 1048576K
Event: 654.342 GC heap after
Heap after GC invocations=2716 (full 28):
 PSYoungGen      total 309760K, used 9696K [0x00000000d6f80000, 0x00000000eb180000, 0x0000000100000000)
  eden space 290816K, 0% used [0x00000000d6f80000,0x00000000d6f80000,0x00000000e8b80000)
  from space 18944K, 51% used [0x00000000e9f00000,0x00000000ea878060,0x00000000eb180000)
  to   space 19456K, 0% used [0x00000000e8b80000,0x00000000e8b80000,0x00000000e9e80000)
 ParOldGen       total 60928K, used 12867K [0x0000000084e00000, 0x0000000088980000, 0x00000000d6f80000)
  object space 60928K, 21% used [0x0000000084e00000,0x0000000085a90c18,0x0000000088980000)
 Metaspace       used 10123K, capacity 10312K, committed 10496K, reserved 1058816K
  class space    used 1181K, capacity 1254K, committed 1280K, reserved 1048576K
}
Event: 654.687 GC heap before
{Heap before GC invocations=2717 (full 28):
 PSYoungGen      total 309760K, used 299439K [0x00000000d6f80000, 0x00000000eb180000, 0x0000000100000000)
  eden space 290816K, 99% used [0x00000000d6f80000,0x00000000e8a73f98,0x00000000e8b80000)
  from space 18944K, 51% used [0x00000000e9f00000,0x00000000ea878060,0x00000000eb180000)
  to   space 19456K, 0% used [0x00000000e8b80000,0x00000000e8b80000,0x00000000e9e80000)
 ParOldGen       total 60928K, used 12867K [0x0000000084e00000, 0x0000000088980000, 0x00000000d6f80000)
  object space 60928K, 21% used [0x0000000084e00000,0x0000000085a90c18,0x0000000088980000)
 Metaspace       used 10123K, capacity 10312K, committed 10496K, reserved 1058816K
  class space    used 1181K, capacity 1254K, committed 1280K, reserved 1048576K
Event: 654.690 GC heap after
Heap after GC invocations=2717 (full 28):
 PSYoungGen      total 293888K, used 15096K [0x00000000d6f80000, 0x00000000ea680000, 0x0000000100000000)
  eden space 278528K, 0% used [0x00000000d6f80000,0x00000000d6f80000,0x00000000e7f80000)
  from space 15360K, 98% used [0x00000000e8b80000,0x00000000e9a3e080,0x00000000e9a80000)
  to   space 12288K, 0% used [0x00000000e9a80000,0x00000000e9a80000,0x00000000ea680000)
 ParOldGen       total 60928K, used 12867K [0x0000000084e00000, 0x0000000088980000, 0x00000000d6f80000)
  object space 60928K, 21% used [0x0000000084e00000,0x0000000085a90c18,0x0000000088980000)
 Metaspace       used 10123K, capacity 10312K, committed 10496K, reserved 1058816K
  class space    used 1181K, capacity 1254K, committed 1280K, reserved 1048576K
}
Event: 655.036 GC heap before
{Heap before GC invocations=2718 (full 28):
 PSYoungGen      total 293888K, used 293624K [0x00000000d6f80000, 0x00000000ea680000, 0x0000000100000000)
  eden space 278528K, 100% used [0x00000000d6f80000,0x00000000e7f80000,0x00000000e7f80000)
  from space 15360K, 98% used [0x00000000e8b80000,0x00000000e9a3e080,0x00000000e9a80000)
  to   space 12288K, 0% used [0x00000000e9a80000,0x00000000e9a80000,0x00000000ea680000)
 ParOldGen       total 60928K, used 12867K [0x0000000084e00000, 0x0000000088980000, 0x00000000d6f80000)
  object space 60928K, 21% used [0x0000000084e00000,0x0000000085a90c18,0x0000000088980000)
 Metaspace       used 10124K, capacity 10312K, committed 10496K, reserved 1058816K
  class space    used 1181K, capacity 1254K, committed 1280K, reserved 1048576K
Event: 655.038 GC heap after
Heap after GC invocations=2718 (full 28):
 PSYoungGen      total 278528K, used 11560K [0x00000000d6f80000, 0x00000000ea600000, 0x0000000100000000)
  eden space 266752K, 0% used [0x00000000d6f80000,0x00000000d6f80000,0x00000000e7400000)
  from space 11776K, 98% used [0x00000000e9a80000,0x00000000ea5ca070,0x00000000ea600000)
  to   space 19456K, 0% used [0x00000000e8000000,0x00000000e8000000,0x00000000e9300000)
 ParOldGen       total 60928K, used 12867K [0x0000000084e00000, 0x0000000088980000, 0x00000000d6f80000)
  object space 60928K, 21% used [0x0000000084e00000,0x0000000085a90c18,0x0000000088980000)
 Metaspace       used 10124K, capacity 10312K, committed 10496K, reserved 1058816K
  class space    used 1181K, capacity 1254K, committed 1280K, reserved 1048576K
}

Deoptimization events (10 events):
Event: 654.997 Thread 0x000000001e98a000 Uncommon trap: reason=bimorphic action=maybe_recompile pc=0x0000000002f21fb4 method=sun.java2d.SurfaceData.getSourceSurfaceData(Ljava/awt/Image;ILsun/java2d/loops/CompositeType;Ljava/awt/Color;)Lsun/java2d/SurfaceData; @ 78
Event: 654.998 Thread 0x000000001e98a000 Uncommon trap: reason=class_check action=maybe_recompile pc=0x0000000002e72db8 method=sun.awt.image.SurfaceManager.flush(Z)V @ 37
Event: 655.030 Thread 0x000000001e98d000 Uncommon trap: reason=class_check action=maybe_recompile pc=0x0000000002f59440 method=sun.java2d.pipe.ValidatePipe.copyImage(Lsun/java2d/SunGraphics2D;Ljava/awt/Image;IILjava/awt/Color;Ljava/awt/image/ImageObserver;)Z @ 21
Event: 655.030 Thread 0x000000001e98d000 Uncommon trap: reason=bimorphic action=maybe_recompile pc=0x0000000002f21fb4 method=sun.java2d.SurfaceData.getSourceSurfaceData(Ljava/awt/Image;ILsun/java2d/loops/CompositeType;Ljava/awt/Color;)Lsun/java2d/SurfaceData; @ 78
Event: 655.031 Thread 0x000000001e98d000 Uncommon trap: reason=class_check action=maybe_recompile pc=0x0000000002e72db8 method=sun.awt.image.SurfaceManager.flush(Z)V @ 37
Event: 655.057 Thread 0x0000000019223000 Uncommon trap: reason=class_check action=maybe_recompile pc=0x0000000002f3c7c4 method=sun.java2d.SunGraphics2D.drawLine(IIII)V @ 10
Event: 655.057 Thread 0x0000000019223000 Uncommon trap: reason=class_check action=maybe_recompile pc=0x0000000002f3c7c4 method=sun.java2d.SunGraphics2D.drawLine(IIII)V @ 10
Event: 655.057 Thread 0x0000000019223000 Uncommon trap: reason=class_check action=maybe_recompile pc=0x0000000002f3c7c4 method=sun.java2d.SunGraphics2D.drawLine(IIII)V @ 10
Event: 655.057 Thread 0x0000000019223000 Uncommon trap: reason=class_check action=maybe_recompile pc=0x0000000002f3c7c4 method=sun.java2d.SunGraphics2D.drawLine(IIII)V @ 10
Event: 655.057 Thread 0x0000000019223000 Uncommon trap: reason=unstable_if action=reinterpret pc=0x0000000002f21164 method=sun.java2d.SurfaceData.getSourceSurfaceData(Ljava/awt/Image;ILsun/java2d/loops/CompositeType;Ljava/awt/Color;)Lsun/java2d/SurfaceData; @ 64

Internal exceptions (10 events):
Event: 0.092 Thread 0x0000000002aa0800 Exception <a 'java/security/PrivilegedActionException'> (0x00000000d7001b60) thrown at [D:\re\workspace\8-2-build-windows-amd64-cygwin\jdk8u77\6540\hotspot\src\share\vm\prims\jvm.cpp, line 1386]
Event: 0.093 Thread 0x0000000002aa0800 Exception <a 'java/security/PrivilegedActionException'> (0x00000000d7005708) thrown at [D:\re\workspace\8-2-build-windows-amd64-cygwin\jdk8u77\6540\hotspot\src\share\vm\prims\jvm.cpp, line 1386]
Event: 0.093 Thread 0x0000000002aa0800 Exception <a 'java/security/PrivilegedActionException'> (0x00000000d7005918) thrown at [D:\re\workspace\8-2-build-windows-amd64-cygwin\jdk8u77\6540\hotspot\src\share\vm\prims\jvm.cpp, line 1386]
Event: 0.119 Thread 0x0000000002aa0800 Exception <a 'java/io/FileNotFoundException'> (0x00000000d7008a78) thrown at [D:\re\workspace\8-2-build-windows-amd64-cygwin\jdk8u77\6540\hotspot\src\share\vm\prims\jni.cpp, line 709]
Event: 0.147 Thread 0x0000000002aa0800 Exception <a 'java/lang/NoSuchFieldError': method resolution failed> (0x00000000d71758c8) thrown at [D:\re\workspace\8-2-build-windows-amd64-cygwin\jdk8u77\6540\hotspot\src\share\vm\prims\methodHandles.cpp, line 1146]
Event: 0.151 Thread 0x0000000002aa0800 Exception <a 'java/lang/NoSuchFieldError': method resolution failed> (0x00000000d7182c98) thrown at [D:\re\workspace\8-2-build-windows-amd64-cygwin\jdk8u77\6540\hotspot\src\share\vm\prims\methodHandles.cpp, line 1146]
Event: 0.195 Thread 0x0000000019223000 Exception <a 'java/io/FileNotFoundException'> (0x00000000d7346d18) thrown at [D:\re\workspace\8-2-build-windows-amd64-cygwin\jdk8u77\6540\hotspot\src\share\vm\prims\jni.cpp, line 709]
Event: 0.271 Thread 0x0000000019223000 Implicit null exception at 0x0000000002d1339b to 0x0000000002d1354d
Event: 8.454 Thread 0x000000001e973800 Implicit null exception at 0x0000000002e21020 to 0x0000000002e2123d
Event: 50.143 Thread 0x0000000019223000 Implicit null exception at 0x0000000002e21ac8 to 0x0000000002e21baa

Events (10 events):
Event: 655.057 Thread 0x0000000019223000 Uncommon trap: trap_request=0xffffffde fr.pc=0x0000000002f3c7c4
Event: 655.057 Thread 0x0000000019223000 DEOPT PACKING pc=0x0000000002f3c7c4 sp=0x0000000019aec430
Event: 655.057 Thread 0x0000000019223000 DEOPT UNPACKING pc=0x0000000002be582a sp=0x0000000019aec3d0 mode 2
Event: 655.057 Thread 0x0000000019223000 Uncommon trap: trap_request=0xffffff65 fr.pc=0x0000000002f21164
Event: 655.057 Thread 0x0000000019223000 DEOPT PACKING pc=0x0000000002f21164 sp=0x0000000019aeca40
Event: 655.057 Thread 0x0000000019223000 DEOPT UNPACKING pc=0x0000000002be582a sp=0x0000000019aeca98 mode 2
Event: 655.057 Thread 0x00000000174f0000 flushing nmethod 0x0000000002fdb610
Event: 655.057 Thread 0x00000000174f0000 flushing nmethod 0x0000000002fdc9d0
Event: 655.057 Thread 0x00000000174f0000 flushing nmethod 0x0000000002ff9fd0
Event: 655.057 Thread 0x00000000174f0000 flushing nmethod 0x0000000002ffda50


Dynamic libraries:
0x00007ff7dc3e0000 - 0x00007ff7dc417000 	C:\Program Files\Java\jre1.8.0_77\bin\javaw.exe
0x00007ffa53990000 - 0x00007ffa53b52000 	C:\WINDOWS\SYSTEM32\ntdll.dll
0x00007ffa51710000 - 0x00007ffa517bd000 	C:\WINDOWS\system32\KERNEL32.DLL
0x00007ffa50e80000 - 0x00007ffa5105d000 	C:\WINDOWS\system32\KERNELBASE.dll
0x00007ffa51db0000 - 0x00007ffa51e56000 	C:\WINDOWS\system32\ADVAPI32.dll
0x00007ffa51670000 - 0x00007ffa5170d000 	C:\WINDOWS\system32\msvcrt.dll
0x00007ffa53790000 - 0x00007ffa537eb000 	C:\WINDOWS\system32\sechost.dll
0x00007ffa53860000 - 0x00007ffa53986000 	C:\WINDOWS\system32\RPCRT4.dll
0x00007ffa51b70000 - 0x00007ffa51cbe000 	C:\WINDOWS\system32\USER32.dll
0x00007ffa51870000 - 0x00007ffa519f6000 	C:\WINDOWS\system32\GDI32.dll
0x00007ffa446f0000 - 0x00007ffa44964000 	C:\WINDOWS\WinSxS\amd64_microsoft.windows.common-controls_6595b64144ccf1df_6.0.10240.16384_none_f41f7b285750ef43\COMCTL32.dll
0x00007ffa517c0000 - 0x00007ffa517f6000 	C:\WINDOWS\system32\IMM32.DLL
0x00007ffa51a10000 - 0x00007ffa51b6c000 	C:\WINDOWS\system32\MSCTF.dll
0x0000000058fe0000 - 0x00000000590b2000 	C:\Program Files\Java\jre1.8.0_77\bin\msvcr100.dll
0x00000000591b0000 - 0x0000000059a40000 	C:\Program Files\Java\jre1.8.0_77\bin\server\jvm.dll
0x00007ffa51800000 - 0x00007ffa51808000 	C:\WINDOWS\system32\PSAPI.DLL
0x00007ffa4d560000 - 0x00007ffa4d56a000 	C:\WINDOWS\SYSTEM32\VERSION.dll
0x00007ffa4e930000 - 0x00007ffa4e953000 	C:\WINDOWS\SYSTEM32\WINMM.dll
0x00000000010e0000 - 0x000000000110c000 	C:\WINDOWS\SYSTEM32\WINMMBASE.dll
0x00007ffa50460000 - 0x00007ffa504a4000 	C:\WINDOWS\system32\cfgmgr32.dll
0x00007ffa4ec90000 - 0x00007ffa4ecb7000 	C:\WINDOWS\SYSTEM32\DEVOBJ.dll
0x00007ffa46ec0000 - 0x00007ffa46ec9000 	C:\WINDOWS\SYSTEM32\WSOCK32.dll
0x00007ffa537f0000 - 0x00007ffa53859000 	C:\WINDOWS\system32\ws2_32.DLL
0x00007ffa513e0000 - 0x00007ffa513e8000 	C:\WINDOWS\system32\NSI.dll
0x00000000591a0000 - 0x00000000591af000 	C:\Program Files\Java\jre1.8.0_77\bin\verify.dll
0x0000000059170000 - 0x0000000059199000 	C:\Program Files\Java\jre1.8.0_77\bin\java.dll
0x0000000059150000 - 0x0000000059166000 	C:\Program Files\Java\jre1.8.0_77\bin\zip.dll
0x00007ffa51e60000 - 0x00007ffa53382000 	C:\WINDOWS\system32\SHELL32.dll
0x00007ffa506e0000 - 0x00007ffa50d08000 	C:\WINDOWS\system32\windows.storage.dll
0x00007ffa513f0000 - 0x00007ffa5166c000 	C:\WINDOWS\system32\combase.dll
0x00007ffa53670000 - 0x00007ffa536c1000 	C:\WINDOWS\system32\shlwapi.dll
0x00007ffa503e0000 - 0x00007ffa503ef000 	C:\WINDOWS\system32\kernel.appcore.dll
0x00007ffa50dc0000 - 0x00007ffa50e73000 	C:\WINDOWS\system32\shcore.dll
0x00007ffa50410000 - 0x00007ffa5045a000 	C:\WINDOWS\system32\powrprof.dll
0x00007ffa503c0000 - 0x00007ffa503d3000 	C:\WINDOWS\system32\profapi.dll
0x0000000058e40000 - 0x0000000058fd8000 	C:\Program Files\Java\jre1.8.0_77\bin\awt.dll
0x00007ffa536d0000 - 0x00007ffa5378e000 	C:\WINDOWS\system32\OLEAUT32.dll
0x00007ffa4eb10000 - 0x00007ffa4eb88000 	C:\WINDOWS\system32\apphelp.dll
0x00007ffa4ecc0000 - 0x00007ffa4ed56000 	C:\WINDOWS\system32\uxtheme.dll
0x00007ffa4de50000 - 0x00007ffa4de72000 	C:\WINDOWS\system32\dwmapi.dll
0x00007ffa53390000 - 0x00007ffa534d1000 	C:\WINDOWS\system32\ole32.dll
0x00007ffa501e0000 - 0x00007ffa5024b000 	C:\WINDOWS\SYSTEM32\bcryptPrimitives.dll
0x00007ffa38620000 - 0x00007ffa38830000 	C:\WINDOWS\system32\d3d9.dll
0x00007ffa4d360000 - 0x00007ffa4d4d0000 	C:\WINDOWS\SYSTEM32\aticfx64.dll
0x00007ffa42090000 - 0x00007ffa420b1000 	C:\WINDOWS\SYSTEM32\atiu9p64.dll
0x00007ffa31180000 - 0x00007ffa31bff000 	C:\WINDOWS\SYSTEM32\atiumd64.dll
0x0000000058590000 - 0x0000000058e34000 	C:\WINDOWS\SYSTEM32\atiumd6a.dll
0x00007ffa3e3a0000 - 0x00007ffa3e3d3000 	E:\Dokumente\Java Liberies\J4K SDK\dll\ufdw_j4k_64bit.dll
0x00007ffa2dd80000 - 0x00007ffa2ebe1000 	C:\WINDOWS\SYSTEM32\Kinect10.dll
0x00007ffa50510000 - 0x00007ffa506d1000 	C:\WINDOWS\system32\CRYPT32.dll
0x00007ffa503f0000 - 0x00007ffa50401000 	C:\WINDOWS\system32\MSASN1.dll
0x00007ffa504b0000 - 0x00007ffa50504000 	C:\WINDOWS\system32\WINTRUST.dll
0x00007ffa51210000 - 0x00007ffa513d5000 	C:\WINDOWS\system32\SETUPAPI.dll
0x00000000584f0000 - 0x0000000058588000 	C:\WINDOWS\SYSTEM32\MSVCP100.dll
0x00007ffa49c50000 - 0x00007ffa49c5b000 	C:\WINDOWS\SYSTEM32\WINUSB.DLL
0x00000000584a0000 - 0x00000000584e7000 	C:\Program Files\Java\jre1.8.0_77\bin\fontmanager.dll
0x0000000059130000 - 0x000000005914a000 	C:\Program Files\Java\jre1.8.0_77\bin\net.dll
0x00007ffa4fbe0000 - 0x00007ffa4fc3d000 	C:\WINDOWS\system32\mswsock.dll
0x0000000059110000 - 0x0000000059121000 	C:\Program Files\Java\jre1.8.0_77\bin\nio.dll
0x0000000058450000 - 0x0000000058492000 	C:\Program Files\Java\jre1.8.0_77\bin\t2k.dll
0x00007ffa535c0000 - 0x00007ffa53665000 	C:\WINDOWS\system32\clbcatq.dll
0x00007ffa4fc40000 - 0x00007ffa4fc57000 	C:\WINDOWS\SYSTEM32\CRYPTSP.dll
0x00007ffa502f0000 - 0x00007ffa50318000 	C:\WINDOWS\SYSTEM32\bcrypt.dll
0x00007ffa4f810000 - 0x00007ffa4f843000 	C:\WINDOWS\system32\rsaenh.dll
0x00007ffa4ffd0000 - 0x00007ffa4ffdb000 	C:\WINDOWS\SYSTEM32\CRYPTBASE.dll
0x00007ffa4f2e0000 - 0x00007ffa4f303000 	C:\WINDOWS\SYSTEM32\gpapi.dll
0x00007ffa35600000 - 0x00007ffa3562f000 	C:\WINDOWS\SYSTEM32\cryptnet.dll
0x00007ffa51810000 - 0x00007ffa5186b000 	C:\WINDOWS\system32\WLDAP32.dll
0x00007ffa4d4d0000 - 0x00007ffa4d508000 	C:\WINDOWS\SYSTEM32\IPHLPAPI.DLL
0x00007ffa4d680000 - 0x00007ffa4d68b000 	C:\WINDOWS\SYSTEM32\WINNSI.DLL
0x00007ffa43c20000 - 0x00007ffa43daa000 	C:\WINDOWS\SYSTEM32\dbghelp.dll

VM Arguments:
jvm_args: -Djava.library.path=E:\Dokumente\Java Liberies\J4K SDK\dll -Dfile.encoding=Cp1252 
java_command: GUI
java_class_path (initial): E:\Dokumente\kinect-depth\bin;E:\Dokumente\Java Liberies\J4K SDK\ufdw.jar
Launcher Type: SUN_STANDARD

Environment Variables:
PATH=C:/Program Files/Java/jre1.8.0_77/bin/server;C:/Program Files/Java/jre1.8.0_77/bin;C:/Program Files/Java/jre1.8.0_77/lib/amd64;C:\ProgramData\Oracle\Java\javapath;C:\Program Files (x86)\NVIDIA Corporation\PhysX\Common;C:\WINDOWS\system32;C:\WINDOWS;C:\WINDOWS\System32\Wbem;C:\WINDOWS\System32\WindowsPowerShell\v1.0\;C:\Program Files (x86)\ATI Technologies\ATI.ACE\Core-Static;C:\Program Files (x86)\QuickTime\QTSystem\;C:\Program Files (x86)\Common Files\Adobe\AGL;C:\Program Files (x86)\Skype\Phone\;C:\WINDOWS\system32\config\systemprofile\.dnx\bin;C:\Program Files\Microsoft DNX\Dnvm\;C:\Program Files\Common Files\Autodesk Shared\;C:\Program Files (x86)\Autodesk\Backburner\;E:\neue Programme\Eclipse\Eclipse 64-Bit\eclipse;
USERNAME=Captain Captain
OS=Windows_NT
PROCESSOR_IDENTIFIER=Intel64 Family 6 Model 58 Stepping 9, GenuineIntel



---------------  S Y S T E M  ---------------

OS: Windows 10.0 , 64 bit Build 10240 (10.0.10240.16384)

CPU:total 4 (4 cores per cpu, 1 threads per core) family 6 model 58 stepping 9, cmov, cx8, fxsr, mmx, sse, sse2, sse3, ssse3, sse4.1, sse4.2, popcnt, avx, aes, clmul, erms, tsc, tscinvbit, tscinv

Memory: 4k page, physical 8066604k(4140004k free), swap 11081260k(5850168k free)

vm_info: Java HotSpot(TM) 64-Bit Server VM (25.77-b03) for windows-amd64 JRE (1.8.0_77-b03), built on Mar 20 2016 22:01:33 by "java_re" with MS VC++ 10.0 (VS2010)

time: Tue Apr 05 16:00:40 2016
elapsed time: 655 seconds (0d 0h 10m 55s)

